[INFO] Scanning for projects...
[INFO] 
[INFO] -------------------< com.github.dalet-oss:vfs-azure >-------------------
[INFO] Building vfs-azure DEV
[INFO] --------------------------------[ jar ]---------------------------------
[INFO] 
[INFO] --- maven-dependency-plugin:2.8:tree (default-cli) @ vfs-azure ---
[INFO] com.github.dalet-oss:vfs-azure:jar:DEV
[INFO] +- org.apache.commons:commons-vfs2:jar:2.7.0:compile
[INFO] |  +- commons-logging:commons-logging:jar:1.2:compile
[INFO] |  \- org.apache.hadoop:hadoop-hdfs-client:jar:3.3.0:compile
[INFO] |     +- com.squareup.okhttp:okhttp:jar:2.7.5:compile
[INFO] |     |  \- com.squareup.okio:okio:jar:1.6.0:compile
[INFO] |     +- com.fasterxml.jackson.core:jackson-annotations:jar:2.10.3:compile
[INFO] |     \- com.fasterxml.jackson.core:jackson-databind:jar:2.10.3:compile
[INFO] +- org.apache.commons:commons-lang3:jar:3.11:compile
[INFO] +- com.azure:azure-storage-blob:jar:12.11.0:compile
[INFO] |  +- com.azure:azure-core:jar:1.15.0:compile
[INFO] |  |  +- com.fasterxml.jackson.core:jackson-core:jar:2.12.2:compile
[INFO] |  |  +- com.fasterxml.jackson.datatype:jackson-datatype-jsr310:jar:2.12.2:compile
[INFO] |  |  +- com.fasterxml.jackson.dataformat:jackson-dataformat-xml:jar:2.12.2:compile
[INFO] |  |  |  +- com.fasterxml.jackson.module:jackson-module-jaxb-annotations:jar:2.12.2:compile
[INFO] |  |  |  |  +- jakarta.xml.bind:jakarta.xml.bind-api:jar:2.3.2:compile
[INFO] |  |  |  |  \- jakarta.activation:jakarta.activation-api:jar:1.2.1:compile
[INFO] |  |  |  +- org.codehaus.woodstox:stax2-api:jar:4.2.1:compile
[INFO] |  |  |  \- com.fasterxml.woodstox:woodstox-core:jar:6.2.4:compile
[INFO] |  |  +- io.projectreactor:reactor-core:jar:3.4.3:compile
[INFO] |  |  |  \- org.reactivestreams:reactive-streams:jar:1.0.3:compile
[INFO] |  |  \- io.netty:netty-tcnative-boringssl-static:jar:2.0.36.Final:compile
[INFO] |  +- com.azure:azure-core-http-netty:jar:1.9.1:compile
[INFO] |  |  +- io.netty:netty-handler:jar:4.1.60.Final:compile
[INFO] |  |  |  +- io.netty:netty-common:jar:4.1.60.Final:compile
[INFO] |  |  |  +- io.netty:netty-resolver:jar:4.1.60.Final:compile
[INFO] |  |  |  +- io.netty:netty-transport:jar:4.1.60.Final:compile
[INFO] |  |  |  \- io.netty:netty-codec:jar:4.1.60.Final:compile
[INFO] |  |  +- io.netty:netty-handler-proxy:jar:4.1.60.Final:compile
[INFO] |  |  |  \- io.netty:netty-codec-socks:jar:4.1.60.Final:compile
[INFO] |  |  +- io.netty:netty-buffer:jar:4.1.60.Final:compile
[INFO] |  |  +- io.netty:netty-codec-http:jar:4.1.60.Final:compile
[INFO] |  |  +- io.netty:netty-codec-http2:jar:4.1.60.Final:compile
[INFO] |  |  +- io.netty:netty-transport-native-unix-common:jar:4.1.60.Final:compile
[INFO] |  |  +- io.netty:netty-transport-native-epoll:jar:linux-x86_64:4.1.60.Final:compile
[INFO] |  |  \- io.netty:netty-transport-native-kqueue:jar:osx-x86_64:4.1.60.Final:compile
[INFO] |  +- com.azure:azure-storage-common:jar:12.11.0:compile
[INFO] |  \- com.azure:azure-storage-internal-avro:jar:12.0.3:compile
[INFO] +- io.projectreactor.netty:reactor-netty:jar:1.0.7:compile
[INFO] |  +- io.projectreactor.netty:reactor-netty-core:jar:1.0.7:compile
[INFO] |  |  +- io.netty:netty-resolver-dns:jar:4.1.63.Final:compile
[INFO] |  |  |  \- io.netty:netty-codec-dns:jar:4.1.63.Final:compile
[INFO] |  |  \- io.netty:netty-resolver-dns-native-macos:jar:osx-x86_64:4.1.63.Final:compile
[INFO] |  +- io.projectreactor.netty:reactor-netty-http:jar:1.0.7:compile
[INFO] |  \- io.projectreactor.netty:reactor-netty-http-brave:jar:1.0.7:runtime
[INFO] |     \- io.zipkin.brave:brave-instrumentation-http:jar:5.13.3:runtime
[INFO] |        \- io.zipkin.brave:brave:jar:5.13.3:runtime
[INFO] |           \- io.zipkin.reporter2:zipkin-reporter-brave:jar:2.16.3:runtime
[INFO] |              \- io.zipkin.reporter2:zipkin-reporter:jar:2.16.3:runtime
[INFO] |                 \- io.zipkin.zipkin2:zipkin:jar:2.23.2:runtime
[INFO] +- org.slf4j:slf4j-api:jar:1.7.30:compile
[INFO] +- org.apache.logging.log4j:log4j-slf4j-impl:jar:2.14.0:compile
[INFO] +- org.apache.logging.log4j:log4j-api:jar:2.14.0:compile
[INFO] +- org.apache.logging.log4j:log4j-core:jar:2.14.0:compile
[INFO] \- junit:junit:jar:4.13.1:test
[INFO]    \- org.hamcrest:hamcrest-core:jar:1.3:test
[INFO] ------------------------------------------------------------------------
[INFO] BUILD SUCCESS
[INFO] ------------------------------------------------------------------------
[INFO] Total time:  1.417 s
[INFO] Finished at: 2021-05-11T17:56:49+05:30
[INFO] ------------------------------------------------------------------------
